<?xml version="1.0" encoding="UTF-8"?>
<!-- Generated by org.testng.reporters.JUnitReportReporter -->
<testsuite hostname="saurabhsingh" failures="0" tests="1" name="chapter02.HelloWorldChromeTestNgTest" time="1.764" errors="0" timestamp="2024-10-08T00:45:39 IST" skipped="0">
  <testcase classname="chapter02.HelloWorldChromeTestNgTest" name="test" time="1.764"/>
</testsuite> <!-- chapter02.HelloWorldChromeTestNgTest -->
