<?xml version="1.0" encoding="UTF-8"?>
<!-- Generated by org.testng.reporters.JUnitReportReporter -->
<testsuite hostname="saurabhsingh" failures="0" tests="1" name="DWSFollowLinks.ECommerceLinks" time="41.397" errors="0" timestamp="2024-10-14T15:17:12 IST" skipped="0">
  <testcase classname="DWSFollowLinks.ECommerceLinks" name="linksTest" time="41.397"/>
</testsuite> <!-- DWSFollowLinks.ECommerceLinks -->
