<?xml version="1.0" encoding="UTF-8"?>
<!-- Generated by org.testng.reporters.JUnitReportReporter -->
<testsuite hostname="SaurabhLaptop" failures="0" tests="1" name="DWSFollowLinks.SetupTest" time="5.268" errors="0" timestamp="2024-10-15T09:58:23 IST" skipped="0">
  <testcase classname="DWSFollowLinks.SetupTest" name="setupTest" time="5.268"/>
</testsuite> <!-- DWSFollowLinks.SetupTest -->
