<?xml version="1.0" encoding="UTF-8"?>
<!-- Generated by org.testng.reporters.JUnitReportReporter -->
<testsuite hostname="saurabhsingh" failures="0" tests="1" name="DWSFollowLinks.LoginTest" time="1.873" errors="0" timestamp="2024-10-14T14:13:59 IST" skipped="0">
  <testcase classname="DWSFollowLinks.LoginTest" name="loginTest" time="1.873"/>
</testsuite> <!-- DWSFollowLinks.LoginTest -->
