<?xml version="1.0" encoding="UTF-8"?>
<!-- Generated by org.testng.reporters.JUnitReportReporter -->
<testsuite hostname="saurabhsingh" failures="0" tests="1" name="testcaseExecution2.RoyalEnfild" time="7.077" errors="0" timestamp="2024-10-07T21:38:32 IST" skipped="0">
  <testcase classname="testcaseExecution2.RoyalEnfild" name="royalEnfield" time="7.077"/>
</testsuite> <!-- testcaseExecution2.RoyalEnfild -->
