<?xml version="1.0" encoding="UTF-8"?>
<!-- Generated by org.testng.reporters.JUnitReportReporter -->
<testsuite hostname="SaurabhLaptop" failures="0" tests="1" name="testcaseExecution1.CSK" time="10.281" errors="0" timestamp="2024-10-08T08:52:12 IST" skipped="0">
  <testcase classname="testcaseExecution1.CSK" name="csk" time="10.281"/>
</testsuite> <!-- testcaseExecution1.CSK -->
