<?xml version="1.0" encoding="UTF-8"?>
<!-- Generated by org.testng.reporters.JUnitReportReporter -->
<testsuite hostname="saurabhsingh" failures="0" tests="1" name="testNg.ChronologicalOrder2" time="0.005" errors="0" timestamp="2024-10-14T14:10:27 IST" skipped="0">
  <testcase classname="testNg.ChronologicalOrder2" name="test" time="0.005"/>
</testsuite> <!-- testNg.ChronologicalOrder2 -->
