<?xml version="1.0" encoding="UTF-8"?>
<!-- Generated by org.testng.reporters.JUnitReportReporter -->
<testsuite hostname="SaurabhLaptop" failures="0" tests="2" name="testScriptsDWS.ClickAllTheLinks" time="11.970" errors="0" timestamp="2024-10-09T09:44:51 IST" skipped="0">
  <testcase classname="testScriptsDWS.ClickAllTheLinks" name="testScript2" time="5.728"/>
  <testcase classname="testScriptsDWS.ClickAllTheLinks" name="testScript" time="6.242"/>
</testsuite> <!-- testScriptsDWS.ClickAllTheLinks -->
