<?xml version="1.0" encoding="UTF-8"?>
<!-- Generated by org.testng.reporters.JUnitReportReporter -->
<testsuite hostname="saurabhsingh" failures="0" tests="1" name="testcaseExecution1.DWS" time="7.289" errors="0" timestamp="2024-10-07T21:38:32 IST" skipped="0">
  <testcase classname="testcaseExecution1.DWS" name="dws" time="7.289"/>
</testsuite> <!-- testcaseExecution1.DWS -->
