<?xml version="1.0" encoding="UTF-8"?>
<!-- Generated by org.testng.reporters.JUnitReportReporter -->
<testsuite hostname="saurabhsingh" failures="0" tests="1" name="dws.DWSLoginAndSearch" time="13.401" errors="0" timestamp="2024-10-05T15:53:00 IST" skipped="0">
  <testcase classname="dws.DWSLoginAndSearch" name="login" time="13.401"/>
</testsuite> <!-- dws.DWSLoginAndSearch -->
