<?xml version="1.0" encoding="UTF-8"?>
<!-- Generated by org.testng.reporters.JUnitReportReporter -->
<testsuite hostname="SaurabhLaptop" failures="0" tests="1" name="testcaseExecution2.KTM" time="7.655" errors="0" timestamp="2024-10-08T08:52:12 IST" skipped="0">
  <testcase classname="testcaseExecution2.KTM" name="ktm" time="7.655"/>
</testsuite> <!-- testcaseExecution2.KTM -->
