<?xml version="1.0" encoding="UTF-8"?>
<!-- Generated by org.testng.reporters.JUnitReportReporter -->
<testsuite hostname="SaurabhLaptop" failures="0" tests="1" name="dataDriven.ReadFromProperties" time="0.012" errors="0" timestamp="2024-10-05T08:45:59 IST" skipped="0">
  <testcase classname="dataDriven.ReadFromProperties" name="login" time="0.012"/>
</testsuite> <!-- dataDriven.ReadFromProperties -->
