<?xml version="1.0" encoding="UTF-8"?>
<!-- Generated by org.testng.reporters.JUnitReportReporter -->
<testsuite hostname="saurabhsingh" failures="0" tests="3" name="testing.MultipleTestScript" time="22.730" errors="0" timestamp="2024-10-03T22:37:19 IST" skipped="0">
  <testcase classname="testing.MultipleTestScript" name="rcb" time="6.931"/>
  <testcase classname="testing.MultipleTestScript" name="csk" time="10.660"/>
  <testcase classname="testing.MultipleTestScript" name="dws" time="5.139"/>
</testsuite> <!-- testing.MultipleTestScript -->
