<?xml version="1.0" encoding="UTF-8"?>
<!-- Generated by org.testng.reporters.JUnitReportReporter -->
<testsuite hostname="SaurabhLaptop" failures="0" tests="1" name="testcaseExecution1.RCB" time="5.974" errors="0" timestamp="2024-10-08T08:51:04 IST" skipped="0">
  <testcase classname="testcaseExecution1.RCB" name="rcb" time="5.974"/>
</testsuite> <!-- testcaseExecution1.RCB -->
