<?xml version="1.0" encoding="UTF-8"?>
<!-- Generated by org.testng.reporters.JUnitReportReporter -->
<testsuite hostname="SaurabhLaptop" failures="0" tests="1" name="testNg.ChronologicalOrder2" time="0.009" errors="0" timestamp="2024-10-09T08:51:46 IST" skipped="0">
  <testcase classname="testNg.ChronologicalOrder2" name="test" time="0.009"/>
</testsuite> <!-- testNg.ChronologicalOrder2 -->
