<?xml version="1.0" encoding="UTF-8"?>
<!-- Generated by org.testng.reporters.JUnitReportReporter -->
<testsuite hostname="SaurabhLaptop" failures="0" tests="4" name="testing.ThreadPoolSize" time="20.758" errors="0" timestamp="2024-10-07T09:07:05 IST" skipped="0">
  <testcase classname="testing.ThreadPoolSize" name="csk" time="4.842"/>
  <testcase classname="testing.ThreadPoolSize" name="csk" time="5.279"/>
  <testcase classname="testing.ThreadPoolSize" name="csk" time="5.311"/>
  <testcase classname="testing.ThreadPoolSize" name="csk" time="5.326"/>
</testsuite> <!-- testing.ThreadPoolSize -->
