<?xml version="1.0" encoding="UTF-8"?>
<!-- Generated by org.testng.reporters.JUnitReportReporter -->
<testsuite hostname="SaurabhLaptop" failures="0" tests="1" name="testcaseExecution2.RoyalEnfild" time="9.604" errors="0" timestamp="2024-10-07T10:01:06 IST" skipped="0">
  <testcase classname="testcaseExecution2.RoyalEnfild" name="royalEnfield" time="9.604"/>
</testsuite> <!-- testcaseExecution2.RoyalEnfild -->
