<?xml version="1.0" encoding="UTF-8"?>
<!-- Generated by org.testng.reporters.JUnitReportReporter -->
<testsuite hostname="SaurabhLaptop" failures="0" tests="1" name="testcaseExecution2.RoyalEnfild" time="9.617" errors="0" timestamp="2024-10-08T08:52:12 IST" skipped="0">
  <testcase classname="testcaseExecution2.RoyalEnfild" name="royalEnfield" time="9.617"/>
</testsuite> <!-- testcaseExecution2.RoyalEnfild -->
