<?xml version="1.0" encoding="UTF-8"?>
<!-- Generated by org.testng.reporters.JUnitReportReporter -->
<testsuite hostname="SaurabhLaptop" failures="0" tests="1" name="testNg.ChronologicalOrder" time="0.008" errors="0" timestamp="2024-10-09T09:13:06 IST" skipped="0">
  <testcase classname="testNg.ChronologicalOrder" name="afterSuite" time="0.008"/>
</testsuite> <!-- testNg.ChronologicalOrder -->
