<?xml version="1.0" encoding="UTF-8"?>
<!-- Generated by org.testng.reporters.JUnitReportReporter -->
<testsuite hostname="saurabhsingh" failures="0" tests="1" name="testcaseExecution1.RCB" time="5.631" errors="0" timestamp="2024-10-07T21:38:32 IST" skipped="0">
  <testcase classname="testcaseExecution1.RCB" name="rcb" time="5.631"/>
</testsuite> <!-- testcaseExecution1.RCB -->
