<?xml version="1.0" encoding="UTF-8"?>
<!-- Generated by org.testng.reporters.JUnitReportReporter -->
<testsuite hostname="SaurabhLaptop" failures="0" tests="1" name="dws.DWSLoginAndSearch" time="20.221" errors="0" timestamp="2024-10-05T09:54:54 IST" skipped="0">
  <testcase classname="dws.DWSLoginAndSearch" name="login" time="20.221"/>
</testsuite> <!-- dws.DWSLoginAndSearch -->
