<?xml version="1.0" encoding="UTF-8"?>
<!-- Generated by org.testng.reporters.JUnitReportReporter -->
<testsuite hostname="SaurabhLaptop" failures="0" tests="1" name="testcaseExecution2.KTM" time="5.323" errors="0" timestamp="2024-10-07T10:01:06 IST" skipped="0">
  <testcase classname="testcaseExecution2.KTM" name="ktm" time="5.323"/>
</testsuite> <!-- testcaseExecution2.KTM -->
