<?xml version="1.0" encoding="UTF-8"?>
<!-- Generated by org.testng.reporters.JUnitReportReporter -->
<testsuite hostname="saurabhsingh" failures="0" tests="2" name="dws.DWSLoginUsingExcelData" time="3.492" errors="0" timestamp="2024-10-03T23:17:41 IST" skipped="0">
  <testcase classname="dws.DWSLoginUsingExcelData" name="BrowserTest" time="0.591"/>
  <testcase classname="dws.DWSLoginUsingExcelData" name="DWSLoginPage" time="2.901"/>
</testsuite> <!-- dws.DWSLoginUsingExcelData -->
