<?xml version="1.0" encoding="UTF-8"?>
<!-- Generated by org.testng.reporters.JUnitReportReporter -->
<testsuite hostname="SaurabhDesktop" failures="0" tests="7" name="loginPageTestScenarios.FollowUsLinksVerify" time="23.141" errors="0" timestamp="2024-10-25T22:42:03 IST" skipped="0">
  <testcase classname="loginPageTestScenarios.FollowUsLinksVerify" name="verifyTwitterLink" time="2.497"/>
  <testcase classname="loginPageTestScenarios.FollowUsLinksVerify" name="verifyVtigerWikiLink" time="3.197"/>
  <testcase classname="loginPageTestScenarios.FollowUsLinksVerify" name="verifyLinkedinLink" time="1.817"/>
  <testcase classname="loginPageTestScenarios.FollowUsLinksVerify" name="verifyVtigerForumLink" time="3.005"/>
  <testcase classname="loginPageTestScenarios.FollowUsLinksVerify" name="verifyYoutubeLink" time="3.951"/>
  <testcase classname="loginPageTestScenarios.FollowUsLinksVerify" name="verifyVtigerBlogLink" time="5.824"/>
  <testcase classname="loginPageTestScenarios.FollowUsLinksVerify" name="verifyFacebookPageLink" time="2.850"/>
</testsuite> <!-- loginPageTestScenarios.FollowUsLinksVerify -->
