<?xml version="1.0" encoding="UTF-8"?>
<!-- Generated by org.testng.reporters.JUnitReportReporter -->
<testsuite hostname="SaurabhLaptop" failures="0" tests="1" name="setup.Setup" time="14.647" errors="0" timestamp="2024-10-17T08:43:10 IST" skipped="0">
  <testcase classname="setup.Setup" name="setup" time="14.647"/>
</testsuite> <!-- setup.Setup -->
