<?xml version="1.0" encoding="UTF-8"?>
<!-- Generated by org.testng.reporters.JUnitReportReporter -->
<testsuite hostname="SaurabhDesktop" failures="0" tests="8" name="loginPageTestScenarios.LoginFunctionality" time="8.210" errors="0" timestamp="2024-10-25T23:00:56 IST" skipped="0">
  <testcase classname="loginPageTestScenarios.LoginFunctionality" name="testLoginNegative" time="0.805"/>
  <testcase classname="loginPageTestScenarios.LoginFunctionality" name="testLoginNegative" time="0.785"/>
  <testcase classname="loginPageTestScenarios.LoginFunctionality" name="testLoginNegative" time="0.799"/>
  <testcase classname="loginPageTestScenarios.LoginFunctionality" name="testLoginNegative" time="0.803"/>
  <testcase classname="loginPageTestScenarios.LoginFunctionality" name="testLoginNegative" time="0.848"/>
  <testcase classname="loginPageTestScenarios.LoginFunctionality" name="testLoginPositive" time="2.586"/>
  <testcase classname="loginPageTestScenarios.LoginFunctionality" name="testLoginNegative" time="0.814"/>
  <testcase classname="loginPageTestScenarios.LoginFunctionality" name="testLoginNegative" time="0.770"/>
</testsuite> <!-- loginPageTestScenarios.LoginFunctionality -->
