<?xml version="1.0" encoding="UTF-8"?>
<!-- Generated by org.testng.reporters.JUnitReportReporter -->
<testsuite hostname="SaurabhLaptop" failures="0" tests="1" name="setup.SetupTest" time="16.507" errors="0" timestamp="2024-10-17T08:46:45 IST" skipped="0">
  <testcase classname="setup.SetupTest" name="loginLogout" time="16.507"/>
</testsuite> <!-- setup.SetupTest -->
