<?xml version="1.0" encoding="UTF-8"?>
<!-- Generated by org.testng.reporters.JUnitReportReporter -->
<testsuite hostname="SaurabhDesktop" failures="0" tests="7" name="loginPageTestScenarios.FollowUsLinksVerify" time="18.703" errors="0" timestamp="2024-10-24T02:13:08 IST" skipped="0">
  <testcase classname="loginPageTestScenarios.FollowUsLinksVerify" name="verifyVtigerForumLink" time="2.936"/>
  <testcase classname="loginPageTestScenarios.FollowUsLinksVerify" name="verifyTwitterLink" time="2.583"/>
  <testcase classname="loginPageTestScenarios.FollowUsLinksVerify" name="verifyVtigerWikiLink" time="2.967"/>
  <testcase classname="loginPageTestScenarios.FollowUsLinksVerify" name="verifyFacebookPageLink" time="2.138"/>
  <testcase classname="loginPageTestScenarios.FollowUsLinksVerify" name="verifyYoutubeLink" time="2.792"/>
  <testcase classname="loginPageTestScenarios.FollowUsLinksVerify" name="verifyLinkedinLink" time="1.546"/>
  <testcase classname="loginPageTestScenarios.FollowUsLinksVerify" name="verifyVtigerBlogLink" time="3.741"/>
</testsuite> <!-- loginPageTestScenarios.FollowUsLinksVerify -->
