<?xml version="1.0" encoding="UTF-8"?>
<!-- Generated by org.testng.reporters.JUnitReportReporter -->
<testsuite hostname="SaurabhLaptop" failures="0" tests="1" name="setup.Setup" time="0.007" errors="0" timestamp="2024-10-16T09:37:00 IST" skipped="0">
  <testcase classname="setup.Setup" name="setup" time="0.007"/>
</testsuite> <!-- setup.Setup -->
