<?xml version="1.0" encoding="UTF-8"?>
<!-- Generated by org.testng.reporters.JUnitReportReporter -->
<testsuite hostname="SaurabhDesktop" failures="0" tests="7" name="loginPageTestScenarios.FollowUsLinksVerify" time="20.250" errors="0" timestamp="2024-10-24T01:55:26 IST" skipped="0">
  <testcase classname="loginPageTestScenarios.FollowUsLinksVerify" name="verifyVtigerBlogLink" time="3.798"/>
  <testcase classname="loginPageTestScenarios.FollowUsLinksVerify" name="verifyLinkedinLink" time="1.833"/>
  <testcase classname="loginPageTestScenarios.FollowUsLinksVerify" name="verifyVtigerForumLink" time="3.473"/>
  <testcase classname="loginPageTestScenarios.FollowUsLinksVerify" name="verifyYoutubeLink" time="3.567"/>
  <testcase classname="loginPageTestScenarios.FollowUsLinksVerify" name="verifyFacebookPageLink" time="1.935"/>
  <testcase classname="loginPageTestScenarios.FollowUsLinksVerify" name="verifyTwitterLink" time="2.542"/>
  <testcase classname="loginPageTestScenarios.FollowUsLinksVerify" name="verifyVtigerWikiLink" time="3.102"/>
</testsuite> <!-- loginPageTestScenarios.FollowUsLinksVerify -->
